<?xml version="1.0" encoding="UTF-8"?>
<!-- Generated by org.testng.reporters.JUnitReportReporter -->
<testsuite skipped="0" hostname="DESKTOP-RFGEI0L" name="Demo.practiceTest" tests="1" failures="0" timestamp="06 May 2018 16:52:44 GMT" time="175.064" errors="0">
  <testcase name="basePageNavigation" time="175.064" classname="Demo.practiceTest"/>
</testsuite> <!-- Demo.practiceTest -->
